<?xml version="1.0" encoding="UTF-8"?>
<!-- Generated by org.testng.reporters.JUnitXMLReporter -->
<testsuite ignored="1" hostname="TYSS-Shobha" failures="1" tests="4" name="Default test(failed)" time="0.056" errors="0" timestamp="2022-08-09T15:27:51 IST">
  <testcase classname="Pratice.Demo" name="modifyContact" time="0.01">
    <skipped/>
  </testcase> <!-- modifyContact -->
  <testcase classname="Pratice.Demo" name="modifyContact" time="0.001">
    <skipped/>
  </testcase> <!-- modifyContact -->
  <testcase classname="Pratice.Demo" name="modifyContact" time="0.0">
    <skipped/>
  </testcase> <!-- modifyContact -->
  <testcase classname="Pratice.Demo" name="modifyContact" time="0.001">
    <failure type="java.lang.AssertionError" message="expected [true] but found [false]">
      <![CDATA[java.lang.AssertionError: expected [true] but found [false]
at Pratice.Demo.modifyContact(Demo.java:11)
at java.base/java.util.ArrayList.forEach(ArrayList.java:1511)
... Removed 33 stack frames]]>
    </failure>
  </testcase> <!-- modifyContact -->
  <testcase classname="Pratice.Demo" name="createContact" time="0.0">
    <ignored/>
  </testcase> <!-- createContact -->
</testsuite> <!-- Default test(failed) -->
