<?xml version="1.0" encoding="UTF-8"?>
<testng-results ignored="0" total="1" passed="1" failed="0" skipped="0">
  <reporter-output>
  </reporter-output>
  <suite started-at="2022-08-11T16:07:49 IST" name="Default suite" finished-at="2022-08-11T16:07:49 IST" duration-ms="49">
    <groups>
    </groups>
    <test started-at="2022-08-11T16:07:49 IST" name="Default test" finished-at="2022-08-11T16:07:49 IST" duration-ms="49">
      <class name="Pratice.RunTimeParameterFromEclipse">
        <test-method signature="getRunTimeData()[pri:0, instance:Pratice.RunTimeParameterFromEclipse@a530d0a]" started-at="2022-08-11T16:07:49 IST" name="getRunTimeData" finished-at="2022-08-11T16:07:49 IST" duration-ms="12" status="PASS">
          <reporter-output>
          </reporter-output>
        </test-method> <!-- getRunTimeData -->
      </class> <!-- Pratice.RunTimeParameterFromEclipse -->
    </test> <!-- Default test -->
  </suite> <!-- Default suite -->
</testng-results>
