<?xml version="1.0" encoding="UTF-8"?>
<!-- Generated by org.testng.reporters.JUnitXMLReporter -->
<testsuite ignored="1" hostname="TYSS-Shobha" failures="0" tests="2" name="ClassTest" time="0.041" errors="0" timestamp="2022-08-08T12:43:31 IST">
  <testcase classname="Pratice.Demo" name="modifyContact" time="0.008"/>
  <testcase classname="Pratice.Sample" name="createContact" time="0.002"/>
  <testcase classname="Pratice.Sample" name="DeleteContact" time="0.0">
    <ignored/>
  </testcase> <!-- DeleteContact -->
</testsuite> <!-- ClassTest -->
